<?xml version="1.0" encoding="UTF-8"?>
<!-- Generated by org.testng.reporters.JUnitXMLReporter -->
<testsuite ignored="0" hostname="LT-5CG1283MHP" failures="0" tests="4" name="Default test" time="9.762" errors="0" timestamp="2022-09-08T09:20:24 CDT">
  <testcase classname="sample.SmplTes1" name="deleteData" time="5.023"/>
  <testcase classname="sample.SmplTes1" name="getdata" time="1.681"/>
  <testcase classname="sample.SmplTes1" name="postdata" time="1.781"/>
  <testcase classname="sample.SmplTes1" name="putdata" time="1.211"/>
</testsuite> <!-- Default test -->
